<?xml version="1.0" encoding="UTF-8"?>
<!-- Generated by org.testng.reporters.JUnitXMLReporter -->
<testsuite hostname="cathy" ignored="2" name="用户管理系统测试用例" tests="5" failures="0" timestamp="24 五月 2020 08:21:16 GMT" time="1.117" errors="0">
  <testcase name="loginTrue" time="0.598" classname="com.course.cases.LoginTest"/>
  <testcase name="addUser" time="0.063" classname="com.course.cases.AddUserTest"/>
  <testcase name="getUserInfo" time="0.064" classname="com.course.cases.GetUserInfoTest"/>
  <testcase name="updateUserInfo" time="0.058" classname="com.course.cases.UpdateUserInfoTest"/>
  <testcase name="getUserListInfo" time="0.073" classname="com.course.cases.GetUserInfoListTest"/>
  <testcase name="deleteUserInfo" time="0.0" classname="com.course.cases.UpdateUserInfoTest">
    <ignored/>
  </testcase> <!-- deleteUserInfo -->
  <testcase name="loginFail" time="0.0" classname="com.course.cases.LoginTest">
    <ignored/>
  </testcase> <!-- loginFail -->
</testsuite> <!-- 用户管理系统测试用例 -->
