<?xml version="1.0" encoding="UTF-8"?>
<testsuite name="TestSuite" time="0.859" tests="5" errors="0" skipped="0" failures="0">
  <properties>
[...]
</properties>
  <testcase name="loginTrue" classname="com.course.cases.LoginTest" time="0.598"/>
  <testcase name="addUser" classname="com.course.cases.AddUserTest" time="0.064"/>
  <testcase name="getUserInfo" classname="com.course.cases.GetUserInfoTest" time="0.064"/>
  <testcase name="updateUserInfo" classname="com.course.cases.UpdateUserInfoTest" time="0.06"/>
  <testcase name="getUserListInfo" classname="com.course.cases.GetUserInfoListTest" time="0.073"/>
</testsuite>